This is pdfTeXk, Version 3.1415926-1.40.9 (Web2C 7.5.7) (format=pdflatex 2009.2.1)  7 JAN 2011 11:29
entering extended mode
\write18 enabled.
 %&-line parsing enabled.
**Diplomarbeit.tex
(./Diplomarbeit.tex
LaTeX2e <2005/12/01>
Babel <v3.8l> and hyphenation patterns for english, usenglishmax, dumylang, noh
yphenation, german-x-2008-06-18, ngerman-x-2008-06-18, ancientgreek, ibycus, ar
abic, basque, bulgarian, catalan, pinyin, coptic, croatian, czech, danish, dutc
h, esperanto, estonian, farsi, finnish, french, galician, german, ngerman, mono
greek, greek, hungarian, icelandic, indonesian, interlingua, irish, italian, la
tin, lithuanian, mongolian, mongolian2a, bokmal, nynorsk, polish, portuguese, r
omanian, russian, sanskrit, serbian, slovak, slovenian, spanish, swedish, turki
sh, ukenglish, ukrainian, uppersorbian, welsh, loaded.
(/usr/local/texlive/2008/texmf-dist/tex/latex/koma-script/scrreprt.cls
Document Class: scrreprt 2008/12/09 v3.01b KOMA-Script document class (report)
(/usr/local/texlive/2008/texmf-dist/tex/latex/koma-script/scrkbase.sty
Package: scrkbase 2008/12/09 v3.01b KOMA-Script package (KOMA-Script-dependent 
basics and keyval usage)

(/usr/local/texlive/2008/texmf-dist/tex/latex/koma-script/scrbase.sty
Package: scrbase 2008/12/09 v3.01b KOMA-Script package (KOMA-Script-independent
 basics and keyval usage)

(/usr/local/texlive/2008/texmf-dist/tex/latex/graphics/keyval.sty
Package: keyval 1999/03/16 v1.13 key=value parser (DPC)
\KV@toks@=\toks14
)
(/usr/local/texlive/2008/texmf-dist/tex/latex/koma-script/scrlfile.sty
Package: scrlfile 2008/07/09 v3.00 KOMA-Script package (loading files)

Package scrlfile, 2008/07/09 v3.00 KOMA-Script package (loading files)
                  Copyright (C) Markus Kohm

))) (/usr/local/texlive/2008/texmf-dist/tex/latex/koma-script/tocbasic.sty
Package: tocbasic 2008/11/13 v3.01(package)
)
Package tocbasic Info: omitting babel extension for `toc'
(tocbasic)             because of feature `nobabel' available
(tocbasic)             for `toc' on input line 114.
Package tocbasic Info: omitting babel extension for `lof'
(tocbasic)             because of feature `nobabel' available
(tocbasic)             for `lof' on input line 115.
Package tocbasic Info: omitting babel extension for `lot'
(tocbasic)             because of feature `nobabel' available
(tocbasic)             for `lot' on input line 116.
Package scrreprt Info: You've used obsolete option `11pt'.
(scrreprt)             \KOMAExecuteOptions{fontsize=11pt} will be
(scrreprt)             used instead.
(scrreprt)             You may simply replace `11pt'
(scrreprt)             by `fontsize=11pt'.
Class scrreprt Info: You've used standard option `oneside'.
(scrreprt)           This is correct!
(scrreprt)           Internaly I'm using `twoside=false'.
(scrreprt)           If you'd like to set the option with \KOMAoptions,
(scrreprt)           you'd have to use `twoside=false' there
(scrreprt)           instead of `oneside', too.
Class scrreprt Info: You've used standard option `final'.
(scrreprt)           This is correct!
(scrreprt)           Internaly I'm using `draft=false'.
(scrreprt)           If you'd like to set the option with \KOMAoptions,
(scrreprt)           you'd have to use `draft=false' there
(scrreprt)           instead of `final', too.
Class scrreprt Info: File `scrsize11pt.clo' used to setup font sizes on input l
ine 1257.

(/usr/local/texlive/2008/texmf-dist/tex/latex/koma-script/scrsize11pt.clo
File: scrsize11pt.clo 2008/12/09 v3.01b KOMA-Script font size class option (11p
t)
)
(/usr/local/texlive/2008/texmf-dist/tex/latex/koma-script/typearea.sty
Package: typearea 2008/12/09 v3.01b KOMA-Script package (type area)

Package typearea, 2008/12/09 v3.01b KOMA-Script package (type area)
                  Copyright (C) Frank Neukam, 1992-1994
                  Copyright (C) Markus Kohm, 1994-

\ta@bcor=\skip41
\ta@div=\count79
Package typearea Info: You've used standard option `a4paper'.
(typearea)             This is correct!
(typearea)             Internaly I'm using `paper=a4'.
(typearea)             If you'd like to set the option with \KOMAoptions,
(typearea)             you'd have to use `paper=a4' there
(typearea)             instead of `a4paper', too.
Package typearea Info: You've used standard option `oneside'.
(typearea)             This is correct!
(typearea)             Internaly I'm using `twoside=false'.
(typearea)             If you'd like to set the option with \KOMAoptions,
(typearea)             you'd have to use `twoside=false' there
(typearea)             instead of `oneside', too.
\ta@hblk=\skip42
\ta@vblk=\skip43
\ta@temp=\skip44
Package typearea Info: These are the values describing the layout:
(typearea)             DIV  = 10
(typearea)             BCOR = 0.0pt
(typearea)             \paperwidth      = 597.50793pt
(typearea)              \textwidth      = 418.25555pt
(typearea)              DIV departure   = -6%
(typearea)              \evensidemargin = 17.3562pt
(typearea)              \oddsidemargin  = 17.3562pt
(typearea)             \paperheight     = 845.04694pt
(typearea)              \textheight     = 595.80026pt
(typearea)              \topmargin      = -25.16531pt
(typearea)              \headheight     = 17.0pt
(typearea)              \headsep        = 20.40001pt
(typearea)              \topskip        = 11.0pt
(typearea)              \footskip       = 47.60002pt
(typearea)              \baselineskip   = 13.6pt
(typearea)              on input line 1039.
)
\c@part=\count80
\c@chapter=\count81
\c@section=\count82
\c@subsection=\count83
\c@subsubsection=\count84
\c@paragraph=\count85
\c@subparagraph=\count86
\abovecaptionskip=\skip45
\belowcaptionskip=\skip46
\c@pti@nb@sid@b@x=\box26
\c@figure=\count87
\c@table=\count88
\bibindent=\dimen102
) (./Meta.tex) (./Packages.tex
(/usr/local/texlive/2008/texmf-dist/tex/latex/koma-script/scrpage2.sty
Package: scrpage2 2008/12/08 v2.3 LaTeX2e KOMA-Script package
LaTeX Info: Redefining \pagemark on input line 173.
)
(/usr/local/texlive/2008/texmf-dist/tex/generic/babel/babel.sty
Package: babel 2008/07/06 v3.8l The Babel package

(/usr/local/texlive/2008/texmf-dist/tex/generic/babel/ngermanb.ldf
Language: ngermanb 2008/07/06 v2.6n new German support from the babel system

(/usr/local/texlive/2008/texmf-dist/tex/generic/babel/babel.def
File: babel.def 2008/07/06 v3.8l Babel common definitions
\babel@savecnt=\count89
\U@D=\dimen103
)
\l@naustrian = a dialect from \language\l@ngerman 
Package babel Info: Making " an active character on input line 92.
))
(/usr/local/texlive/2008/texmf-dist/tex/latex/base/inputenc.sty
Package: inputenc 2006/05/05 v1.1b Input encoding file
\inpenc@prehook=\toks15
\inpenc@posthook=\toks16

(/usr/local/texlive/2008/texmf-dist/tex/latex/base/latin1.def
File: latin1.def 2006/05/05 v1.1b Input encoding file
))
(/usr/local/texlive/2008/texmf-dist/tex/latex/base/fontenc.sty
Package: fontenc 2005/09/27 v1.99g Standard LaTeX package

(/usr/local/texlive/2008/texmf-dist/tex/latex/base/t1enc.def
File: t1enc.def 2005/09/27 v1.99g Standard LaTeX file
LaTeX Font Info:    Redeclaring font encoding T1 on input line 43.
))
(/usr/local/texlive/2008/texmf-dist/tex/latex/base/textcomp.sty
Package: textcomp 2005/09/27 v1.99g Standard LaTeX package
Package textcomp Info: Sub-encoding information:
(textcomp)               5 = only ISO-Adobe without \textcurrency
(textcomp)               4 = 5 + \texteuro
(textcomp)               3 = 4 + \textohm
(textcomp)               2 = 3 + \textestimated + \textcurrency
(textcomp)               1 = TS1 - \textcircled - \t
(textcomp)               0 = TS1 (full)
(textcomp)             Font families with sub-encoding setting implement
(textcomp)             only a restricted character set as indicated.
(textcomp)             Family '?' is the default used for unknown fonts.
(textcomp)             See the documentation for details.
Package textcomp Info: Setting ? sub-encoding to TS1/1 on input line 71.

(/usr/local/texlive/2008/texmf-dist/tex/latex/base/ts1enc.def
File: ts1enc.def 2001/06/05 v3.0e (jk/car/fm) Standard LaTeX file
)
LaTeX Info: Redefining \oldstylenums on input line 266.
Package textcomp Info: Setting cmr sub-encoding to TS1/0 on input line 281.
Package textcomp Info: Setting cmss sub-encoding to TS1/0 on input line 282.
Package textcomp Info: Setting cmtt sub-encoding to TS1/0 on input line 283.
Package textcomp Info: Setting cmvtt sub-encoding to TS1/0 on input line 284.
Package textcomp Info: Setting cmbr sub-encoding to TS1/0 on input line 285.
Package textcomp Info: Setting cmtl sub-encoding to TS1/0 on input line 286.
Package textcomp Info: Setting ccr sub-encoding to TS1/0 on input line 287.
Package textcomp Info: Setting ptm sub-encoding to TS1/4 on input line 288.
Package textcomp Info: Setting pcr sub-encoding to TS1/4 on input line 289.
Package textcomp Info: Setting phv sub-encoding to TS1/4 on input line 290.
Package textcomp Info: Setting ppl sub-encoding to TS1/3 on input line 291.
Package textcomp Info: Setting pag sub-encoding to TS1/4 on input line 292.
Package textcomp Info: Setting pbk sub-encoding to TS1/4 on input line 293.
Package textcomp Info: Setting pnc sub-encoding to TS1/4 on input line 294.
Package textcomp Info: Setting pzc sub-encoding to TS1/4 on input line 295.
Package textcomp Info: Setting bch sub-encoding to TS1/4 on input line 296.
Package textcomp Info: Setting put sub-encoding to TS1/5 on input line 297.
Package textcomp Info: Setting uag sub-encoding to TS1/5 on input line 298.
Package textcomp Info: Setting ugq sub-encoding to TS1/5 on input line 299.
Package textcomp Info: Setting ul8 sub-encoding to TS1/4 on input line 300.
Package textcomp Info: Setting ul9 sub-encoding to TS1/4 on input line 301.
Package textcomp Info: Setting augie sub-encoding to TS1/5 on input line 302.
Package textcomp Info: Setting dayrom sub-encoding to TS1/3 on input line 303.
Package textcomp Info: Setting dayroms sub-encoding to TS1/3 on input line 304.

Package textcomp Info: Setting pxr sub-encoding to TS1/0 on input line 305.
Package textcomp Info: Setting pxss sub-encoding to TS1/0 on input line 306.
Package textcomp Info: Setting pxtt sub-encoding to TS1/0 on input line 307.
Package textcomp Info: Setting txr sub-encoding to TS1/0 on input line 308.
Package textcomp Info: Setting txss sub-encoding to TS1/0 on input line 309.
Package textcomp Info: Setting txtt sub-encoding to TS1/0 on input line 310.
Package textcomp Info: Setting futs sub-encoding to TS1/4 on input line 311.
Package textcomp Info: Setting futx sub-encoding to TS1/4 on input line 312.
Package textcomp Info: Setting futj sub-encoding to TS1/4 on input line 313.
Package textcomp Info: Setting hlh sub-encoding to TS1/3 on input line 314.
Package textcomp Info: Setting hls sub-encoding to TS1/3 on input line 315.
Package textcomp Info: Setting hlst sub-encoding to TS1/3 on input line 316.
Package textcomp Info: Setting hlct sub-encoding to TS1/5 on input line 317.
Package textcomp Info: Setting hlx sub-encoding to TS1/5 on input line 318.
Package textcomp Info: Setting hlce sub-encoding to TS1/5 on input line 319.
Package textcomp Info: Setting hlcn sub-encoding to TS1/5 on input line 320.
Package textcomp Info: Setting hlcw sub-encoding to TS1/5 on input line 321.
Package textcomp Info: Setting hlcf sub-encoding to TS1/5 on input line 322.
Package textcomp Info: Setting pplx sub-encoding to TS1/3 on input line 323.
Package textcomp Info: Setting pplj sub-encoding to TS1/3 on input line 324.
Package textcomp Info: Setting ptmx sub-encoding to TS1/4 on input line 325.
Package textcomp Info: Setting ptmj sub-encoding to TS1/4 on input line 326.
)
(/usr/local/texlive/2008/texmf-dist/tex/latex/lm/lmodern.sty
Package: lmodern 2007/01/14 v1.3 Latin Modern Fonts
LaTeX Font Info:    Overwriting symbol font `operators' in version `normal'
(Font)                  OT1/cmr/m/n --> OT1/lmr/m/n on input line 13.
LaTeX Font Info:    Overwriting symbol font `letters' in version `normal'
(Font)                  OML/cmm/m/it --> OML/lmm/m/it on input line 14.
LaTeX Font Info:    Overwriting symbol font `symbols' in version `normal'
(Font)                  OMS/cmsy/m/n --> OMS/lmsy/m/n on input line 15.
LaTeX Font Info:    Overwriting symbol font `largesymbols' in version `normal'
(Font)                  OMX/cmex/m/n --> OMX/lmex/m/n on input line 16.
LaTeX Font Info:    Overwriting symbol font `operators' in version `bold'
(Font)                  OT1/cmr/bx/n --> OT1/lmr/bx/n on input line 17.
LaTeX Font Info:    Overwriting symbol font `letters' in version `bold'
(Font)                  OML/cmm/b/it --> OML/lmm/b/it on input line 18.
LaTeX Font Info:    Overwriting symbol font `symbols' in version `bold'
(Font)                  OMS/cmsy/b/n --> OMS/lmsy/b/n on input line 19.
LaTeX Font Info:    Overwriting symbol font `largesymbols' in version `bold'
(Font)                  OMX/cmex/m/n --> OMX/lmex/m/n on input line 20.
LaTeX Font Info:    Overwriting math alphabet `\mathbf' in version `normal'
(Font)                  OT1/cmr/bx/n --> OT1/lmr/bx/n on input line 22.
LaTeX Font Info:    Overwriting math alphabet `\mathsf' in version `normal'
(Font)                  OT1/cmss/m/n --> OT1/lmss/m/n on input line 23.
LaTeX Font Info:    Overwriting math alphabet `\mathit' in version `normal'
(Font)                  OT1/cmr/m/it --> OT1/lmr/m/it on input line 24.
LaTeX Font Info:    Overwriting math alphabet `\mathtt' in version `normal'
(Font)                  OT1/cmtt/m/n --> OT1/lmtt/m/n on input line 25.
LaTeX Font Info:    Overwriting math alphabet `\mathbf' in version `bold'
(Font)                  OT1/cmr/bx/n --> OT1/lmr/bx/n on input line 26.
LaTeX Font Info:    Overwriting math alphabet `\mathsf' in version `bold'
(Font)                  OT1/cmss/bx/n --> OT1/lmss/bx/n on input line 27.
LaTeX Font Info:    Overwriting math alphabet `\mathit' in version `bold'
(Font)                  OT1/cmr/bx/it --> OT1/lmr/bx/it on input line 28.
LaTeX Font Info:    Overwriting math alphabet `\mathtt' in version `bold'
(Font)                  OT1/cmtt/m/n --> OT1/lmtt/m/n on input line 29.
)
(/usr/local/texlive/2008/texmf-dist/tex/latex/ltxmisc/relsize.sty
Package: relsize 2003/07/04 ver 3.1
)
(/usr/local/texlive/2008/texmf-dist/tex/latex/units/nicefrac.sty
Package: nicefrac 1998/08/04 v0.9b Nice fractions
\L@UnitsRaiseDisplaystyle=\skip47
\L@UnitsRaiseTextstyle=\skip48
\L@UnitsRaiseScriptstyle=\skip49

(/usr/local/texlive/2008/texmf-dist/tex/latex/base/ifthen.sty
Package: ifthen 2001/05/26 v1.1c Standard LaTeX ifthen package (DPC)
))
(/usr/local/texlive/2008/texmf-dist/tex/latex/graphics/graphicx.sty
Package: graphicx 1999/02/16 v1.0f Enhanced LaTeX Graphics (DPC,SPQR)

(/usr/local/texlive/2008/texmf-dist/tex/latex/graphics/graphics.sty
Package: graphics 2006/02/20 v1.0o Standard LaTeX Graphics (DPC,SPQR)

(/usr/local/texlive/2008/texmf-dist/tex/latex/graphics/trig.sty
Package: trig 1999/03/16 v1.09 sin cos tan (DPC)
)
(/usr/local/texlive/2008/texmf/tex/latex/config/graphics.cfg
File: graphics.cfg 2007/01/18 v1.5 graphics configuration of teTeX/TeXLive
)
Package graphics Info: Driver file: dvips.def on input line 90.

(/usr/local/texlive/2008/texmf-dist/tex/latex/graphics/dvips.def
File: dvips.def 1999/02/16 v3.0i Driver-dependant file (DPC,SPQR)
))
\Gin@req@height=\dimen104
\Gin@req@width=\dimen105
)
(/usr/local/texlive/2008/texmf-dist/tex/latex/amsmath/amsmath.sty
Package: amsmath 2000/07/18 v2.13 AMS math features
\@mathmargin=\skip50

For additional information on amsmath, use the `?' option.
(/usr/local/texlive/2008/texmf-dist/tex/latex/amsmath/amstext.sty
Package: amstext 2000/06/29 v2.01

(/usr/local/texlive/2008/texmf-dist/tex/latex/amsmath/amsgen.sty
File: amsgen.sty 1999/11/30 v2.0
\@emptytoks=\toks17
\ex@=\dimen106
))
(/usr/local/texlive/2008/texmf-dist/tex/latex/amsmath/amsbsy.sty
Package: amsbsy 1999/11/29 v1.2d
\pmbraise@=\dimen107
)
(/usr/local/texlive/2008/texmf-dist/tex/latex/amsmath/amsopn.sty
Package: amsopn 1999/12/14 v2.01 operator names
)
\inf@bad=\count90
LaTeX Info: Redefining \frac on input line 211.
\uproot@=\count91
\leftroot@=\count92
LaTeX Info: Redefining \overline on input line 307.
\classnum@=\count93
\DOTSCASE@=\count94
LaTeX Info: Redefining \ldots on input line 379.
LaTeX Info: Redefining \dots on input line 382.
LaTeX Info: Redefining \cdots on input line 467.
\Mathstrutbox@=\box27
\strutbox@=\box28
\big@size=\dimen108
LaTeX Font Info:    Redeclaring font encoding OML on input line 567.
LaTeX Font Info:    Redeclaring font encoding OMS on input line 568.
\macc@depth=\count95
\c@MaxMatrixCols=\count96
\dotsspace@=\muskip10
\c@parentequation=\count97
\dspbrk@lvl=\count98
\tag@help=\toks18
\row@=\count99
\column@=\count100
\maxfields@=\count101
\andhelp@=\toks19
\eqnshift@=\dimen109
\alignsep@=\dimen110
\tagshift@=\dimen111
\tagwidth@=\dimen112
\totwidth@=\dimen113
\lineht@=\dimen114
\@envbody=\toks20
\multlinegap=\skip51
\multlinetaggap=\skip52
\mathdisplay@stack=\toks21
LaTeX Info: Redefining \[ on input line 2666.
LaTeX Info: Redefining \] on input line 2667.
)
(/usr/local/texlive/2008/texmf-dist/tex/latex/amsfonts/amsfonts.sty
Package: amsfonts 2001/10/25 v2.2f
\symAMSa=\mathgroup4
\symAMSb=\mathgroup5
LaTeX Font Info:    Overwriting math alphabet `\mathfrak' in version `bold'
(Font)                  U/euf/m/n --> U/euf/b/n on input line 132.
)
(/usr/local/texlive/2008/texmf-dist/tex/latex/base/makeidx.sty
Package: makeidx 2000/03/29 v1.0m Standard LaTeX package
)
(/usr/local/texlive/2008/texmf-dist/tex/latex/setspace/setspace.sty
Package: setspace 2000/12/01 6.7 Contributed and Supported LaTeX2e package

Package: `setspace' 6.7 <2000/12/01>
) (/usr/local/texlive/2008/texmf-dist/tex/latex/geometry/geometry.sty
Package: geometry 2008/12/21 v4.2 Page Geometry

(/usr/local/texlive/2008/texmf-dist/tex/generic/oberdiek/ifpdf.sty
Package: ifpdf 2007/12/12 v1.6 Provides the ifpdf switch (HO)
Package ifpdf Info: pdfTeX in pdf mode detected.
)
(/usr/local/texlive/2008/texmf-dist/tex/generic/oberdiek/ifvtex.sty
Package: ifvtex 2008/11/04 v1.4 Switches for detecting VTeX and its modes (HO)
Package ifvtex Info: VTeX not detected.
)
\Gm@cnth=\count102
\Gm@cntv=\count103
\c@Gm@tempcnt=\count104
\Gm@bindingoffset=\dimen115
\Gm@wd@mp=\dimen116
\Gm@odd@mp=\dimen117
\Gm@even@mp=\dimen118
\Gm@dimlist=\toks22

(/usr/local/texlive/2008/texmf-dist/tex/xelatex/xetexconfig/geometry.cfg))
(/usr/local/texlive/2008/texmf-dist/tex/latex/acronym/acronym.sty
Package: acronym 2008/12/19 v1.33 Support for acronyms (Tobias Oetiker)

(/usr/local/texlive/2008/texmf-dist/tex/latex/bigfoot/suffix.sty
Package: suffix 2006/07/15 1.5 Variant command support
)
\AC@clearlist=\toks23
)
(/usr/local/texlive/2008/texmf-dist/tex/latex/listings/listings.sty
\lst@mode=\count105
\lst@gtempboxa=\box29
\lst@token=\toks24
\lst@length=\count106
\lst@currlwidth=\dimen119
\lst@column=\count107
\lst@pos=\count108
\lst@lostspace=\dimen120
\lst@width=\dimen121
\lst@newlines=\count109
\lst@lineno=\count110
\lst@maxwidth=\dimen122

(/usr/local/texlive/2008/texmf-dist/tex/latex/listings/lstmisc.sty
File: lstmisc.sty 2007/02/22 1.4 (Carsten Heinz)
\c@lstnumber=\count111
\lst@skipnumbers=\count112
\lst@framebox=\box30
)
(/usr/local/texlive/2008/texmf-dist/tex/latex/listings/listings.cfg
File: listings.cfg 2007/02/22 1.4 listings configuration
))
Package: listings 2007/02/22 1.4 (Carsten Heinz)

(/usr/local/texlive/2008/texmf-dist/tex/latex/xcolor/xcolor.sty
Package: xcolor 2007/01/21 v2.11 LaTeX color extensions (UK)

(/usr/local/texlive/2008/texmf/tex/latex/config/color.cfg
File: color.cfg 2007/01/18 v1.5 color configuration of teTeX/TeXLive
)
Package xcolor Info: Driver file: pdftex.def on input line 225.

(/usr/local/texlive/2008/texmf-dist/tex/latex/pdftex-def/pdftex.def
File: pdftex.def 2008/09/08 v0.04l Graphics/color for pdfTeX
\Gread@gobject=\count113
)
Package xcolor Info: Model `cmy' substituted by `cmy0' on input line 1337.
Package xcolor Info: Model `RGB' extended on input line 1353.
Package xcolor Info: Model `HTML' substituted by `rgb' on input line 1355.
Package xcolor Info: Model `Hsb' substituted by `hsb' on input line 1356.
Package xcolor Info: Model `tHsb' substituted by `hsb' on input line 1357.
Package xcolor Info: Model `HSB' substituted by `hsb' on input line 1358.
Package xcolor Info: Model `Gray' substituted by `gray' on input line 1359.
Package xcolor Info: Model `wave' substituted by `hsb' on input line 1360.
)
(/usr/local/texlive/2008/texmf-dist/tex/latex/ltxmisc/url.sty
\Urlmuskip=\muskip11
Package: url 2006/04/12  ver 3.3  Verb mode for urls, etc.
)
(/usr/local/texlive/2008/texmf-dist/tex/latex/natbib/natbib.sty
Package: natbib 2007/10/30 8.1 (PWD)
\bibhang=\skip53
\bibsep=\skip54
LaTeX Info: Redefining \cite on input line 602.
\c@NAT@ctr=\count114

Local config file natbib.cfg used
(./natbib.cfg))
(/usr/local/texlive/2008/texmf-dist/tex/latex/hyperref/hyperref.sty
Package: hyperref 2008/12/26 v6.78n Hypertext links for LaTeX

(/usr/local/texlive/2008/texmf-dist/tex/generic/ifxetex/ifxetex.sty
Package: ifxetex 2008/09/18 v0.4 Provides ifxetex conditional
)
(/usr/local/texlive/2008/texmf-dist/tex/latex/oberdiek/hycolor.sty
Package: hycolor 2008/09/08 v1.4 Code for color options of hyperref/bookmark (H
O)

(/usr/local/texlive/2008/texmf-dist/tex/latex/oberdiek/xcolor-patch.sty
Package: xcolor-patch 2008/09/08 xcolor patch
))
\@linkdim=\dimen123
\Hy@linkcounter=\count115
\Hy@pagecounter=\count116

(/usr/local/texlive/2008/texmf-dist/tex/latex/hyperref/pd1enc.def
File: pd1enc.def 2008/12/26 v6.78n Hyperref: PDFDocEncoding definition (HO)
)
(/usr/local/texlive/2008/texmf-dist/tex/generic/oberdiek/etexcmds.sty
Package: etexcmds 2007/12/12 v1.2 Prefix for e-TeX command names (HO)

(/usr/local/texlive/2008/texmf-dist/tex/generic/oberdiek/infwarerr.sty
Package: infwarerr 2007/09/09 v1.2 Providing info/warning/message (HO)
)
Package etexcmds Info: Could not find \expanded.
(etexcmds)             That can mean that you are not using pdfTeX 1.50 or
(etexcmds)             that some package has redefined \expanded.
(etexcmds)             In the latter case, load this package earlier.
)
(/usr/local/texlive/2008/texmf/tex/latex/config/hyperref.cfg
File: hyperref.cfg 2002/06/06 v1.2 hyperref configuration of TeXLive
)
(/usr/local/texlive/2008/texmf-dist/tex/latex/oberdiek/kvoptions.sty
Package: kvoptions 2007/10/18 v3.0 Keyval support for LaTeX options (HO)
)
Package hyperref Info: Option `final' set `true' on input line 2796.
Package hyperref Info: Option `bookmarks' set `true' on input line 2796.
Package hyperref Info: Option `bookmarksopen' set `true' on input line 2796.
Package hyperref Info: Option `colorlinks' set `true' on input line 2796.
Package hyperref Info: Option `plainpages' set `false' on input line 2796.
Package hyperref Info: Option `pdfpagelabels' set `true' on input line 2796.
Package hyperref Info: Option `hypertexnames' set `false' on input line 2796.
Package hyperref Info: Option `linktocpage' set `true' on input line 2796.
Package hyperref Info: Hyper figures OFF on input line 2907.
Package hyperref Info: Link nesting OFF on input line 2912.
Package hyperref Info: Hyper index ON on input line 2915.
Package hyperref Info: Plain pages OFF on input line 2922.
Package hyperref Info: Backreferencing ON on input line 2925.

Implicit mode ON; LaTeX internals redefined
Package hyperref Info: Bookmarks ON on input line 3117.
(/usr/local/texlive/2008/texmf-dist/tex/latex/hyperref/backref.sty
Package: backref 2006/09/05 v1.28 Bibliographical back referencing
)
LaTeX Info: Redefining \url on input line 3354.

(/usr/local/texlive/2008/texmf-dist/tex/generic/oberdiek/bitset.sty
Package: bitset 2007/09/28 v1.0 Data type bit set (HO)

(/usr/local/texlive/2008/texmf-dist/tex/generic/oberdiek/intcalc.sty
Package: intcalc 2007/09/27 v1.1 Expandable integer calculations (HO)
)
(/usr/local/texlive/2008/texmf-dist/tex/generic/oberdiek/bigintcalc.sty
Package: bigintcalc 2007/11/11 v1.1 Expandable big integer calculations (HO)

(/usr/local/texlive/2008/texmf-dist/tex/generic/oberdiek/pdftexcmds.sty
Package: pdftexcmds 2007/12/12 v0.3 LuaTeX support for pdfTeX utility functions
 (HO)
Package pdftexcmds Info: LuaTeX not detected on input line 139.
)))
(/usr/local/texlive/2008/texmf-dist/tex/generic/oberdiek/kvsetkeys.sty
Package: kvsetkeys 2007/09/29 v1.3 Key value parser with default handler suppor
t (HO)
)
\Fld@menulength=\count117
\Field@Width=\dimen124
\Fld@charsize=\dimen125
\Field@toks=\toks25
Package hyperref Info: Hyper figures OFF on input line 4271.
Package hyperref Info: Link nesting OFF on input line 4276.
Package hyperref Info: Hyper index ON on input line 4279.
Package hyperref Info: backreferencing ON on input line 4284.
Package hyperref Info: Link coloring ON on input line 4289.
Package hyperref Info: Link coloring with OCG OFF on input line 4296.
Package hyperref Info: PDF/A mode OFF on input line 4301.

(/usr/local/texlive/2008/texmf-dist/tex/generic/oberdiek/atbegshi.sty
Package: atbegshi 2008/07/31 v1.9 At begin shipout hook (HO)
)
\Hy@abspage=\count118
\c@Item=\count119
\c@Hfootnote=\count120
)
*hyperref using default driver hpdftex*
(/usr/local/texlive/2008/texmf-dist/tex/latex/hyperref/hpdftex.def
File: hpdftex.def 2008/12/26 v6.78n Hyperref driver for pdfTeX
\Fld@listcount=\count121
)
(/usr/local/texlive/2008/texmf-dist/tex/latex/ltxmisc/chngcntr.sty
Package: chngcntr 2001/03/30 v1.0 change counter resetting
)
(/usr/local/texlive/2008/texmf-dist/tex/latex/tools/longtable.sty
Package: longtable 2004/02/01 v4.11 Multi-page Table package (DPC)
\LTleft=\skip55
\LTright=\skip56
\LTpre=\skip57
\LTpost=\skip58
\LTchunksize=\count122
\LTcapwidth=\dimen126
\LT@head=\box31
\LT@firsthead=\box32
\LT@foot=\box33
\LT@lastfoot=\box34
\LT@cols=\count123
\LT@rows=\count124
\c@LT@tables=\count125
\c@LT@chunks=\count126
\LT@p@ftn=\toks26
)
Class scrreprt Info: longtable captions redefined on input line 137.

(/usr/local/texlive/2008/texmf-dist/tex/latex/colortbl/colortbl.sty
Package: colortbl 2001/02/13 v0.1j Color table columns (DPC)

(/usr/local/texlive/2008/texmf-dist/tex/latex/tools/array.sty
Package: array 2005/08/23 v2.4b Tabular extension package (FMi)
\col@sep=\dimen127
\extrarowheight=\dimen128
\NC@list=\toks27
\extratabsurround=\skip59
\backup@length=\skip60
)
\everycr=\toks28
\minrowclearance=\skip61
)
(/usr/local/texlive/2008/texmf-dist/tex/latex/ms/ragged2e.sty
Package: ragged2e 2003/03/25 v2.04 ragged2e Package (MS)

(/usr/local/texlive/2008/texmf-dist/tex/latex/ms/everysel.sty
Package: everysel 1999/06/08 v1.03 EverySelectfont Package (MS)
)
\CenteringLeftskip=\skip62
\RaggedLeftLeftskip=\skip63
\RaggedRightLeftskip=\skip64
\CenteringRightskip=\skip65
\RaggedLeftRightskip=\skip66
\RaggedRightRightskip=\skip67
\CenteringParfillskip=\skip68
\RaggedLeftParfillskip=\skip69
\RaggedRightParfillskip=\skip70
\JustifyingParfillskip=\skip71
\CenteringParindent=\skip72
\RaggedLeftParindent=\skip73
\RaggedRightParindent=\skip74
\JustifyingParindent=\skip75
)
(/usr/local/texlive/2008/texmf-dist/tex/latex/graphics/lscape.sty
Package: lscape 2000/10/22 v3.01 Landscape Pages (DPC)
)
(/usr/local/texlive/2008/texmf-dist/tex/latex/paralist/paralist.sty
Package: paralist 2002/03/18 v2.3b Extended list environments (BS)
\pltopsep=\skip76
\plpartopsep=\skip77
\plitemsep=\skip78
\plparsep=\skip79
\pl@lab=\toks29
)
(/usr/local/texlive/2008/texmf-dist/tex/latex/todonotes/todonotes.sty
Package: todonotes 2008/12/30 .dtx Todonotes source and documentation.
Package: todonotes 2008/12/30

(/usr/local/texlive/2008/texmf-dist/tex/latex/xkeyval/xkeyval.sty
Package: xkeyval 2008/08/13 v2.6a package option processing (HA)

(/usr/local/texlive/2008/texmf-dist/tex/generic/xkeyval/xkeyval.tex
\XKV@toks=\toks30
\XKV@tempa@toks=\toks31
\XKV@depth=\count127
File: xkeyval.tex 2008/08/13 v2.6a key=value parser (HA)
))
(/usr/local/texlive/2008/texmf-dist/tex/latex/pgf/frontendlayer/tikz.sty
(/usr/local/texlive/2008/texmf-dist/tex/latex/pgf/basiclayer/pgf.sty
(/usr/local/texlive/2008/texmf-dist/tex/latex/pgf/utilities/pgfrcs.sty
(/usr/local/texlive/2008/texmf-dist/tex/generic/pgf/utilities/pgfutil-common.te
x
\pgfutil@everybye=\toks32
)
(/usr/local/texlive/2008/texmf-dist/tex/generic/pgf/utilities/pgfutil-latex.def
) (/usr/local/texlive/2008/texmf-dist/tex/generic/pgf/utilities/pgfrcs.code.tex
Package: pgfrcs 2008/02/20 v2.00 (rcs-revision 1.21)
))
Package: pgf 2008/01/15 v2.00 (rcs-revision 1.12)
 (/usr/local/texlive/2008/texmf-dist/tex/latex/pgf/basiclayer/pgfcore.sty
(/usr/local/texlive/2008/texmf-dist/tex/latex/pgf/systemlayer/pgfsys.sty
(/usr/local/texlive/2008/texmf-dist/tex/generic/pgf/systemlayer/pgfsys.code.tex
Package: pgfsys 2008/02/07 v2.00 (rcs-revision 1.31)
(/usr/local/texlive/2008/texmf-dist/tex/generic/pgf/utilities/pgfkeys.code.tex
\pgfkeys@pathtoks=\toks33
\pgfkeys@temptoks=\toks34
)
\pgf@x=\dimen129
\pgf@y=\dimen130
\pgf@xa=\dimen131
\pgf@ya=\dimen132
\pgf@xb=\dimen133
\pgf@yb=\dimen134
\pgf@xc=\dimen135
\pgf@yc=\dimen136
\c@pgf@counta=\count128
\c@pgf@countb=\count129
\c@pgf@countc=\count130
\c@pgf@countd=\count131
(/usr/local/texlive/2008/texmf-dist/tex/generic/pgf/systemlayer/pgf.cfg
File: pgf.cfg 2008/01/13  (rcs-revision 1.6)
)
Package pgfsys Info: Driver file for pgf: pgfsys-pdftex.def on input line 885.

(/usr/local/texlive/2008/texmf-dist/tex/generic/pgf/systemlayer/pgfsys-pdftex.d
ef
File: pgfsys-pdftex.def 2007/12/20  (rcs-revision 1.20)

(/usr/local/texlive/2008/texmf-dist/tex/generic/pgf/systemlayer/pgfsys-common-p
df.def
File: pgfsys-common-pdf.def 2007/12/17  (rcs-revision 1.8)
)))
(/usr/local/texlive/2008/texmf-dist/tex/generic/pgf/systemlayer/pgfsyssoftpath.
code.tex
File: pgfsyssoftpath.code.tex 2008/01/23  (rcs-revision 1.6)
\pgfsyssoftpath@smallbuffer@items=\count132
\pgfsyssoftpath@bigbuffer@items=\count133
)
(/usr/local/texlive/2008/texmf-dist/tex/generic/pgf/systemlayer/pgfsysprotocol.
code.tex
File: pgfsysprotocol.code.tex 2006/10/16  (rcs-revision 1.4)
))
(/usr/local/texlive/2008/texmf-dist/tex/generic/pgf/basiclayer/pgfcore.code.tex
Package: pgfcore 2008/01/15 v2.00 (rcs-revision 1.6)
(/usr/local/texlive/2008/texmf-dist/tex/generic/pgf/math/pgfmath.code.tex
(/usr/local/texlive/2008/texmf-dist/tex/generic/pgf/math/pgfmathcalc.code.tex
(/usr/local/texlive/2008/texmf-dist/tex/generic/pgf/math/pgfmathutil.code.tex
\pgfmath@box=\box35
)
(/usr/local/texlive/2008/texmf-dist/tex/generic/pgf/math/pgfmathparser.code.tex
\pgfmath@stack=\toks35
\c@pgfmath@parsecounta=\count134
\c@pgfmath@parsecountb=\count135
\c@pgfmath@parsecountc=\count136
\pgfmath@parsex=\dimen137
)
(/usr/local/texlive/2008/texmf-dist/tex/generic/pgf/math/pgfmathoperations.code
.tex
(/usr/local/texlive/2008/texmf-dist/tex/generic/pgf/math/pgfmathtrig.code.tex)
(/usr/local/texlive/2008/texmf-dist/tex/generic/pgf/math/pgfmathrnd.code.tex))
(/usr/local/texlive/2008/texmf-dist/tex/generic/pgf/math/pgfmathbase.code.tex))
)
(/usr/local/texlive/2008/texmf-dist/tex/generic/pgf/basiclayer/pgfcorepoints.co
de.tex
File: pgfcorepoints.code.tex 2008/02/03  (rcs-revision 1.13)
\pgf@picminx=\dimen138
\pgf@picmaxx=\dimen139
\pgf@picminy=\dimen140
\pgf@picmaxy=\dimen141
\pgf@pathminx=\dimen142
\pgf@pathmaxx=\dimen143
\pgf@pathminy=\dimen144
\pgf@pathmaxy=\dimen145
\pgf@xx=\dimen146
\pgf@xy=\dimen147
\pgf@yx=\dimen148
\pgf@yy=\dimen149
\pgf@zx=\dimen150
\pgf@zy=\dimen151
)
(/usr/local/texlive/2008/texmf-dist/tex/generic/pgf/basiclayer/pgfcorepathconst
ruct.code.tex
File: pgfcorepathconstruct.code.tex 2008/02/13  (rcs-revision 1.14)
\pgf@path@lastx=\dimen152
\pgf@path@lasty=\dimen153
)
(/usr/local/texlive/2008/texmf-dist/tex/generic/pgf/basiclayer/pgfcorepathusage
.code.tex
File: pgfcorepathusage.code.tex 2008/01/23  (rcs-revision 1.11)
\pgf@shorten@end@additional=\dimen154
\pgf@shorten@start@additional=\dimen155
)
(/usr/local/texlive/2008/texmf-dist/tex/generic/pgf/basiclayer/pgfcorescopes.co
de.tex
File: pgfcorescopes.code.tex 2008/01/15  (rcs-revision 1.26)
\pgfpic=\box36
\pgf@hbox=\box37
\pgf@layerbox@main=\box38
\pgf@picture@serial@count=\count137
)
(/usr/local/texlive/2008/texmf-dist/tex/generic/pgf/basiclayer/pgfcoregraphicst
ate.code.tex
File: pgfcoregraphicstate.code.tex 2007/12/12  (rcs-revision 1.8)
\pgflinewidth=\dimen156
)
(/usr/local/texlive/2008/texmf-dist/tex/generic/pgf/basiclayer/pgfcoretransform
ations.code.tex
File: pgfcoretransformations.code.tex 2008/02/04  (rcs-revision 1.10)
\pgf@pt@x=\dimen157
\pgf@pt@y=\dimen158
\pgf@pt@temp=\dimen159
)
(/usr/local/texlive/2008/texmf-dist/tex/generic/pgf/basiclayer/pgfcorequick.cod
e.tex
File: pgfcorequick.code.tex 2006/10/11  (rcs-revision 1.2)
)
(/usr/local/texlive/2008/texmf-dist/tex/generic/pgf/basiclayer/pgfcoreobjects.c
ode.tex
File: pgfcoreobjects.code.tex 2006/10/11  (rcs-revision 1.2)
)
(/usr/local/texlive/2008/texmf-dist/tex/generic/pgf/basiclayer/pgfcorepathproce
ssing.code.tex
File: pgfcorepathprocessing.code.tex 2008/01/23  (rcs-revision 1.7)
)
(/usr/local/texlive/2008/texmf-dist/tex/generic/pgf/basiclayer/pgfcorearrows.co
de.tex
File: pgfcorearrows.code.tex 2007/06/07  (rcs-revision 1.8)
)
(/usr/local/texlive/2008/texmf-dist/tex/generic/pgf/basiclayer/pgfcoreshade.cod
e.tex
File: pgfcoreshade.code.tex 2007/12/10  (rcs-revision 1.9)
\pgf@max=\dimen160
\pgf@sys@shading@range@num=\count138
)
(/usr/local/texlive/2008/texmf-dist/tex/generic/pgf/basiclayer/pgfcoreimage.cod
e.tex
File: pgfcoreimage.code.tex 2008/01/15  (rcs-revision 1.1)
\pgfexternal@startupbox=\box39
)
(/usr/local/texlive/2008/texmf-dist/tex/generic/pgf/basiclayer/pgfcorelayers.co
de.tex
File: pgfcorelayers.code.tex 2008/01/15  (rcs-revision 1.1)
)
(/usr/local/texlive/2008/texmf-dist/tex/generic/pgf/basiclayer/pgfcoretranspare
ncy.code.tex
File: pgfcoretransparency.code.tex 2008/01/17  (rcs-revision 1.2)
)
(/usr/local/texlive/2008/texmf-dist/tex/generic/pgf/basiclayer/pgfcorepatterns.
code.tex
File: pgfcorepatterns.code.tex 2008/01/15  (rcs-revision 1.1)
)))
(/usr/local/texlive/2008/texmf-dist/tex/generic/pgf/modules/pgfmoduleshapes.cod
e.tex
File: pgfmoduleshapes.code.tex 2008/02/13  (rcs-revision 1.4)
\pgfnodeparttextbox=\box40
\toks@savedmacro=\toks36
)
(/usr/local/texlive/2008/texmf-dist/tex/generic/pgf/modules/pgfmoduleplot.code.
tex
File: pgfmoduleplot.code.tex 2008/01/15  (rcs-revision 1.1)
\pgf@plotwrite=\write3
)
(/usr/local/texlive/2008/texmf-dist/tex/latex/pgf/compatibility/pgfcomp-version
-0-65.sty
Package: pgfcomp-version-0-65 2007/07/03 v2.00 (rcs-revision 1.7)
\pgf@nodesepstart=\dimen161
\pgf@nodesepend=\dimen162
)
(/usr/local/texlive/2008/texmf-dist/tex/latex/pgf/compatibility/pgfcomp-version
-1-18.sty
Package: pgfcomp-version-1-18 2007/07/23 v2.00 (rcs-revision 1.1)
))
(/usr/local/texlive/2008/texmf-dist/tex/latex/pgf/utilities/pgffor.sty
(/usr/local/texlive/2008/texmf-dist/tex/generic/pgf/utilities/pgffor.code.tex
Package: pgffor 2007/11/07 v2.00 (rcs-revision 1.8)
\pgffor@iter=\dimen163
\pgffor@skip=\dimen164
))
(/usr/local/texlive/2008/texmf-dist/tex/generic/pgf/frontendlayer/tikz/tikz.cod
e.tex
Package: tikz 2008/02/13 v2.00 (rcs-revision 1.27)

(/usr/local/texlive/2008/texmf-dist/tex/generic/pgf/libraries/pgflibraryplothan
dlers.code.tex
File: pgflibraryplothandlers.code.tex 2007/03/09 v2.00 (rcs-revision 1.9)
\pgf@plot@mark@count=\count139
\pgfplotmarksize=\dimen165
)
\tikz@lastx=\dimen166
\tikz@lasty=\dimen167
\tikz@lastxsaved=\dimen168
\tikz@lastysaved=\dimen169
\tikzleveldistance=\dimen170
\tikzsiblingdistance=\dimen171
\tikz@figbox=\box41
\tikz@tempbox=\box42
\tikztreelevel=\count140
\tikznumberofchildren=\count141
\tikznumberofcurrentchild=\count142
\tikz@fig@count=\count143

(/usr/local/texlive/2008/texmf-dist/tex/generic/pgf/modules/pgfmodulematrix.cod
e.tex
File: pgfmodulematrix.code.tex 2008/01/15  (rcs-revision 1.1)
\pgfmatrixcurrentrow=\count144
\pgfmatrixcurrentcolumn=\count145
\pgf@matrix@numberofcolumns=\count146
)
\tikz@expandcount=\count147

(/usr/local/texlive/2008/texmf-dist/tex/generic/pgf/frontendlayer/tikz/librarie
s/tikzlibrarytopaths.code.tex
File: tikzlibrarytopaths.code.tex 2008/01/09 v2.00 (rcs-revision 1.1)
)))
(/usr/local/texlive/2008/texmf-dist/tex/latex/tools/calc.sty
Package: calc 2005/08/06 v4.2 Infix arithmetic (KKT,FJ)
\calc@Acount=\count148
\calc@Bcount=\count149
\calc@Adimen=\dimen172
\calc@Bdimen=\dimen173
\calc@Askip=\skip80
\calc@Bskip=\skip81
LaTeX Info: Redefining \setlength on input line 75.
LaTeX Info: Redefining \addtolength on input line 76.
\calc@Ccount=\count150
\calc@Cskip=\skip82
)))
(/usr/local/texlive/2008/texmf-dist/tex/latex/tools/xspace.sty
Package: xspace 2006/05/08 v1.12 Space after command names (DPC,MH)
)
\@indexfile=\write4
\openout4 = `Diplomarbeit.idx'.


Writing index file Diplomarbeit.idx
(./Seitenstil.tex)
\@input{Silbentrennung.aux}
\openout2 = `Silbentrennung.aux'.

(./Silbentrennung.tex)
\@input{Befehle.aux}
\openout2 = `Befehle.aux'.

(./Befehle.tex) (./Diplomarbeit.aux (./Deckblatt.aux) (./Inhalt/Abstract.aux)
(./Inhalt/Akronyme.aux) (./Inhalt/Einleitung.aux) (./Inhalt/Vorgaben.aux

LaTeX Warning: Label `fig:mkDoc' multiply defined.

) (./Inhalt/Entwicklung.aux

LaTeX Warning: Label `fig:mkDoc' multiply defined.


LaTeX Warning: Label `tab:KlassifikationSchwere' multiply defined.

) (./Inhalt/Analyse.aux

LaTeX Warning: Label `fig:mkDoc' multiply defined.


LaTeX Warning: Label `tab:KlassifikationSchwere' multiply defined.

) (./Inhalt/Umsetzung.aux

LaTeX Warning: Label `fig:mkDoc' multiply defined.


LaTeX Warning: Label `subsec:4Subcestion3.1' multiply defined.


LaTeX Warning: Label `tab:KlassifikationSchwere' multiply defined.

) (./Inhalt/Fazit.aux

LaTeX Warning: Label `fig:mkDoc' multiply defined.

) (./Inhalt/Zusammenfassung.aux

LaTeX Warning: Label `fig:mkDoc' multiply defined.

) (./Inhalt/AufzaehlungenTabellen.aux) (./Erklaerung.aux) (./Anhang/mkDoc1.aux)
(./Anhang/mkDoc2.aux) (./Anhang/mkDoc3.aux))
\openout1 = `Diplomarbeit.aux'.

LaTeX Font Info:    Checking defaults for OML/cmm/m/it on input line 73.
LaTeX Font Info:    ... okay on input line 73.
LaTeX Font Info:    Checking defaults for T1/cmr/m/n on input line 73.
LaTeX Font Info:    ... okay on input line 73.
LaTeX Font Info:    Checking defaults for OT1/cmr/m/n on input line 73.
LaTeX Font Info:    ... okay on input line 73.
LaTeX Font Info:    Checking defaults for OMS/cmsy/m/n on input line 73.
LaTeX Font Info:    ... okay on input line 73.
LaTeX Font Info:    Checking defaults for OMX/cmex/m/n on input line 73.
LaTeX Font Info:    ... okay on input line 73.
LaTeX Font Info:    Checking defaults for U/cmr/m/n on input line 73.
LaTeX Font Info:    ... okay on input line 73.
LaTeX Font Info:    Checking defaults for TS1/cmr/m/n on input line 73.
LaTeX Font Info:    Try loading font information for TS1+cmr on input line 73.

(/usr/local/texlive/2008/texmf-dist/tex/latex/base/ts1cmr.fd
File: ts1cmr.fd 1999/05/25 v2.5h Standard LaTeX font definitions
)
LaTeX Font Info:    ... okay on input line 73.
LaTeX Font Info:    Checking defaults for PD1/pdf/m/n on input line 73.
LaTeX Font Info:    ... okay on input line 73.
LaTeX Font Info:    Try loading font information for T1+lmr on input line 73.

(/usr/local/texlive/2008/texmf-dist/tex/latex/lm/t1lmr.fd
File: t1lmr.fd 2007/01/14 v1.3 Font defs for Latin Modern
)
*geometry auto-detecting driver*
*geometry detected driver: pdftex*
-------------------- Geometry parameters
paper: a4paper
landscape: --
twocolumn: --
twoside: --
asymmetric: --
h-parts: 99.58464pt, 398.3386pt, 99.58464pt
v-parts: 85.35826pt, 631.6512pt, 128.03738pt
hmarginratio: --
vmarginratio: 2:3
lines: --
heightrounded: --
bindingoffset: 0.0pt
truedimen: --
includehead: --
includefoot: --
includemp: --
driver: pdftex
-------------------- Page layout dimensions and switches
\paperwidth  597.50787pt
\paperheight 845.04684pt
\textwidth  398.3386pt
\textheight 631.6512pt
\oddsidemargin  27.31465pt
\evensidemargin 27.31465pt
\topmargin  -33.91173pt
\headheight 59.75078pt
\headsep    30.0pt
\footskip   47.60002pt
\marginparwidth 59.7508pt
\marginparsep   12.8401pt
\columnsep  10.0pt
\skip\footins  10.0pt plus 4.0pt minus 2.0pt
\hoffset 0.0pt
\voffset 0.0pt
\mag 1000

(1in=72.27pt, 1cm=28.45pt)
-----------------------
\c@lstlisting=\count151
(/usr/local/texlive/2008/texmf-dist/tex/context/base/supp-pdf.tex
[Loading MPS to PDF converter (version 2006.09.02).]
\scratchcounter=\count152
\scratchdimen=\dimen174
\scratchbox=\box43
\nofMPsegments=\count153
\nofMParguments=\count154
\everyMPshowfont=\toks37
\MPscratchCnt=\count155
\MPscratchDim=\dimen175
\MPnumerator=\count156
\everyMPtoPDFconversion=\toks38
)
Package hyperref Info: Link coloring ON on input line 73.
 (/usr/local/texlive/2008/texmf-dist/tex/latex/hyperref/nameref.sty
Package: nameref 2007/05/29 v2.31 Cross-referencing by name of section

(/usr/local/texlive/2008/texmf-dist/tex/latex/oberdiek/refcount.sty
Package: refcount 2008/08/11 v3.1 Data extraction from references (HO)
)
\c@section@level=\count157
)
LaTeX Info: Redefining \ref on input line 73.
LaTeX Info: Redefining \pageref on input line 73.

(./Diplomarbeit.out) (./Diplomarbeit.out)
\@outlinefile=\write5
\openout5 = `Diplomarbeit.out'.

Package backref Info: ** backref set up for natbib ** on input line 73.
\AtBeginShipoutBox=\box44
LaTeX Info: Redefining \selectfont on input line 73.
\openout2 = `Deckblatt.aux'.

 (./Deckblatt.tex
<Bilder/mkDoc-Logo.png, id=241, 135.50626pt x 135.50626pt>
File: Bilder/mkDoc-Logo.png Graphic file (type png)

<use Bilder/mkDoc-Logo.png>
LaTeX Font Info:    Try loading font information for OT1+lmr on input line 14.

(/usr/local/texlive/2008/texmf-dist/tex/latex/lm/ot1lmr.fd
File: ot1lmr.fd 2007/01/14 v1.3 Font defs for Latin Modern
)
LaTeX Font Info:    Try loading font information for OML+lmm on input line 14.

(/usr/local/texlive/2008/texmf-dist/tex/latex/lm/omllmm.fd
File: omllmm.fd 2007/01/14 v1.3 Font defs for Latin Modern
)
LaTeX Font Info:    Try loading font information for OMS+lmsy on input line 14.


(/usr/local/texlive/2008/texmf-dist/tex/latex/lm/omslmsy.fd
File: omslmsy.fd 2007/01/14 v1.3 Font defs for Latin Modern
)
LaTeX Font Info:    Try loading font information for OMX+lmex on input line 14.


(/usr/local/texlive/2008/texmf-dist/tex/latex/lm/omxlmex.fd
File: omxlmex.fd 2007/01/14 v1.3 Font defs for Latin Modern
)
LaTeX Font Info:    External font `lmex10' loaded for size
(Font)              <10.95> on input line 14.
LaTeX Font Info:    External font `lmex10' loaded for size
(Font)              <8> on input line 14.
LaTeX Font Info:    External font `lmex10' loaded for size
(Font)              <6> on input line 14.
LaTeX Font Info:    Try loading font information for U+msa on input line 14.

(/usr/local/texlive/2008/texmf-dist/tex/latex/amsfonts/umsa.fd
File: umsa.fd 2002/01/19 v2.2g AMS font definitions
)
LaTeX Font Info:    Try loading font information for U+msb on input line 14.

(/usr/local/texlive/2008/texmf-dist/tex/latex/amsfonts/umsb.fd
File: umsb.fd 2002/01/19 v2.2g AMS font definitions
)
LaTeX Font Info:    Try loading font information for TS1+lmr on input line 21.

(/usr/local/texlive/2008/texmf-dist/tex/latex/lm/ts1lmr.fd
File: ts1lmr.fd 2007/01/14 v1.3 Font defs for Latin Modern
) [1








{/usr/local/texlive/2008/texmf-var/fonts/map/pdftex/updmap/pdftex.map} <./Bilde
r/mkDoc-Logo.png>])
\openout2 = `Inhalt/Abstract.aux'.


No file Inhalt/Abstract.tex.
LaTeX Font Info:    Try loading font information for T1+lmss on input line 90.
(/usr/local/texlive/2008/texmf-dist/tex/latex/lm/t1lmss.fd
File: t1lmss.fd 2007/01/14 v1.3 Font defs for Latin Modern
) (./Diplomarbeit.toc
Class scrreprt Info: You've told me to use the font selection of the element
(scrreprt)           `sectioning' that is an alias of element `disposition'
(scrreprt)            on input line 2.
Class scrreprt Info: You've told me to use the font selection of the element
(scrreprt)           `sectioning' that is an alias of element `disposition'
(scrreprt)            on input line 3.
Class scrreprt Info: You've told me to use the font selection of the element
(scrreprt)           `sectioning' that is an alias of element `disposition'
(scrreprt)            on input line 4.
Class scrreprt Info: You've told me to use the font selection of the element
(scrreprt)           `sectioning' that is an alias of element `disposition'
(scrreprt)            on input line 5.
Class scrreprt Info: You've told me to use the font selection of the element
(scrreprt)           `sectioning' that is an alias of element `disposition'
(scrreprt)            on input line 9.
Class scrreprt Info: You've told me to use the font selection of the element
(scrreprt)           `sectioning' that is an alias of element `disposition'
(scrreprt)            on input line 18.
Class scrreprt Info: You've told me to use the font selection of the element
(scrreprt)           `sectioning' that is an alias of element `disposition'
(scrreprt)            on input line 27.
File: Bilder/mkDoc-Logo.png Graphic file (type png)
<use Bilder/mkDoc-Logo.png> [1




]
Class scrreprt Info: You've told me to use the font selection of the element
(scrreprt)           `sectioning' that is an alias of element `disposition'
(scrreprt)            on input line 36.
Class scrreprt Info: You've told me to use the font selection of the element
(scrreprt)           `sectioning' that is an alias of element `disposition'
(scrreprt)            on input line 45.
Class scrreprt Info: You've told me to use the font selection of the element
(scrreprt)           `sectioning' that is an alias of element `disposition'
(scrreprt)            on input line 49.
Class scrreprt Info: You've told me to use the font selection of the element
(scrreprt)           `sectioning' that is an alias of element `disposition'
(scrreprt)            on input line 53.
Class scrreprt Info: You've told me to use the font selection of the element
(scrreprt)           `sectioning' that is an alias of element `disposition'
(scrreprt)            on input line 54.
Class scrreprt Info: You've told me to use the font selection of the element
(scrreprt)           `sectioning' that is an alias of element `disposition'
(scrreprt)            on input line 55.
Class scrreprt Info: You've told me to use the font selection of the element
(scrreprt)           `sectioning' that is an alias of element `disposition'
(scrreprt)            on input line 56.
)
\tf@toc=\write6
\openout6 = `Diplomarbeit.toc'.

File: Bilder/mkDoc-Logo.png Graphic file (type png)
 <use Bilder/mkDoc-Logo.png> [2]
\openout2 = `Inhalt/Akronyme.aux'.


(./Inhalt/Akronyme.tex

Class scrreprt Warning: \float@addtolists detected!
(scrreprt)              You should use the features of package `tocbasic'
(scrreprt)              instead of \float@addtolists.
(scrreprt)              Support for \float@addtolists may be removed from
(scrreprt)              `scrreprt' soon .

)
File: Bilder/mkDoc-Logo.png Graphic file (type png)
 <use Bilder/mkDoc-Logo.png> [3


] (./Diplomarbeit.lof)
\tf@lof=\write7
\openout7 = `Diplomarbeit.lof'.

File: Bilder/mkDoc-Logo.png Graphic file (type png)

<use Bilder/mkDoc-Logo.png> [4


] (./Diplomarbeit.lot)
\tf@lot=\write8
\openout8 = `Diplomarbeit.lot'.

File: Bilder/mkDoc-Logo.png Graphic file (type png)

<use Bilder/mkDoc-Logo.png> [5

] (./Inhalt.tex
\openout2 = `Inhalt/Einleitung.aux'.

 (./Inhalt/Einleitung.tex
Kapitel 1.
File: Bilder/mkDoc-Logo.png Graphic file (type png)
<use Bilder/mkDoc-Logo.png>
LaTeX Font Info:    External font `lmex10' loaded for size
(Font)              <9> on input line 23.
LaTeX Font Info:    External font `lmex10' loaded for size
(Font)              <5> on input line 23.
)
File: Bilder/mkDoc-Logo.png Graphic file (type png)
 <use Bilder/mkDoc-Logo.png> [1



]
\openout2 = `Inhalt/Vorgaben.aux'.


(./Inhalt/Vorgaben.tex
Kapitel 2.
File: Bilder/mkDoc-Logo.png Graphic file (type png)
<use Bilder/mkDoc-Logo.png>
File: Bilder/mkDoc-Logo.png Graphic file (type png)
 <use Bilder/mkDoc-Logo.png> [2



]
File: Bilder/mkDoc-Logo.png Graphic file (type png)

<use Bilder/mkDoc-Logo.png> [3])
File: Bilder/mkDoc-Logo.png Graphic file (type png)
 <use Bilder/mkDoc-Logo.png> [4]
\openout2 = `Inhalt/Entwicklung.aux'.


(./Inhalt/Entwicklung.tex
Kapitel 3.
File: Bilder/mkDoc-Logo.png Graphic file (type png)
<use Bilder/mkDoc-Logo.png>
File: Bilder/mkDoc-Logo.png Graphic file (type png)
 <use Bilder/mkDoc-Logo.png> [5



]
File: Bilder/mkDoc-Logo.png Graphic file (type png)

<use Bilder/mkDoc-Logo.png> [6])
File: Bilder/mkDoc-Logo.png Graphic file (type png)
 <use Bilder/mkDoc-Logo.png> [7]
\openout2 = `Inhalt/Analyse.aux'.


(./Inhalt/Analyse.tex
Kapitel 4.
File: Bilder/mkDoc-Logo.png Graphic file (type png)
<use Bilder/mkDoc-Logo.png>
File: Bilder/mkDoc-Logo.png Graphic file (type png)
 <use Bilder/mkDoc-Logo.png> [8



]
File: Bilder/mkDoc-Logo.png Graphic file (type png)

<use Bilder/mkDoc-Logo.png> [9])
File: Bilder/mkDoc-Logo.png Graphic file (type png)
 <use Bilder/mkDoc-Logo.png> [10]
\openout2 = `Inhalt/Umsetzung.aux'.


(./Inhalt/Umsetzung.tex
Kapitel 5.
File: Bilder/mkDoc-Logo.png Graphic file (type png)
<use Bilder/mkDoc-Logo.png>
File: Bilder/mkDoc-Logo.png Graphic file (type png)
 <use Bilder/mkDoc-Logo.png> [11



]
File: Bilder/mkDoc-Logo.png Graphic file (type png)

<use Bilder/mkDoc-Logo.png> [12])
File: Bilder/mkDoc-Logo.png Graphic file (type png)
 <use Bilder/mkDoc-Logo.png> [13]
\openout2 = `Inhalt/Fazit.aux'.


(./Inhalt/Fazit.tex
Kapitel 6.
File: Bilder/mkDoc-Logo.png Graphic file (type png)
<use Bilder/mkDoc-Logo.png>)
File: Bilder/mkDoc-Logo.png Graphic file (type png)
 <use Bilder/mkDoc-Logo.png> [14



]
\openout2 = `Inhalt/Zusammenfassung.aux'.


(./Inhalt/Zusammenfassung.tex
Kapitel 7.
File: Bilder/mkDoc-Logo.png Graphic file (type png)
<use Bilder/mkDoc-Logo.png>)
File: Bilder/mkDoc-Logo.png Graphic file (type png)
 <use Bilder/mkDoc-Logo.png> [15



]
\openout2 = `Inhalt/AufzaehlungenTabellen.aux'.


(./Inhalt/AufzaehlungenTabellen.tex
Kapitel 8.
LaTeX Font Info:    Try loading font information for T1+lmtt on input line 7.
(/usr/local/texlive/2008/texmf-dist/tex/latex/lm/t1lmtt.fd
File: t1lmtt.fd 2007/01/14 v1.3 Font defs for Latin Modern
)
Overfull \hbox (3.01245pt too wide) in paragraph at lines 13--15
\T1/lmr/m/n/10.95 Website: [][]$\T1/lmtt/m/n/10.95 http : / / www . pilz . com 
/ downloads / restricted / pascal _ 1 . 3 . 2 . zip$[][]\T1/lmr/m/n/10.95 , 
 []

)
File: Bilder/mkDoc-Logo.png Graphic file (type png)
 <use Bilder/mkDoc-Logo.png> [16



]) (./Diplomarbeit.bbl (./Diplomarbeit.brf)
\tf@brf=\write9
\openout9 = `Diplomarbeit.brf'.

)
File: Bilder/mkDoc-Logo.png Graphic file (type png)

<use Bilder/mkDoc-Logo.png> [17


]
\openout2 = `Erklaerung.aux'.

 (./Erklaerung.tex
Overfull \hbox (2.39914pt too wide) in paragraph at lines 8--9
\T1/lmr/m/n/10.95 fungs-amt der Wilhelm-Bchner-Hochschule ab-zu-ge-ben oder sp
-tes-tens mit dem Post-
 []


Underfull \hbox (badness 10000) in paragraph at lines 8--9

 []


Underfull \hbox (badness 10000) in paragraph at lines 10--12

 []

)
File: Bilder/mkDoc-Logo.png Graphic file (type png)
 <use Bilder/mkDoc-Logo.png> [18


]
Anhang A.
(./Anhang.tex
File: Bilder/mkDoc-Logo.png Graphic file (type png)
 <use Bilder/mkDoc-Logo.png> [1



]
\openout2 = `Anhang/mkDoc1.aux'.

 (./Anhang/mkDoc1.tex)
File: Bilder/mkDoc-Logo.png Graphic file (type png)

<use Bilder/mkDoc-Logo.png> [2

]
\openout2 = `Anhang/mkDoc2.aux'.

 (./Anhang/mkDoc2.tex
File: Bilder/mkDoc-Logo.png Graphic file (type png)

<use Bilder/mkDoc-Logo.png>)
File: Bilder/mkDoc-Logo.png Graphic file (type png)
 <use Bilder/mkDoc-Logo.png> [3


]
\openout2 = `Anhang/mkDoc3.aux'.


(./Anhang/mkDoc3.tex
File: Bilder/mkDoc-Logo.png Graphic file (type png)
 <use Bilder/mkDoc-Logo.png>)
File: Bilder/mkDoc-Logo.png Graphic file (type png)
 <use Bilder/mkDoc-Logo.png>
[4


]) (./Diplomarbeit.aux (./Deckblatt.aux) (./Inhalt/Abstract.aux)
(./Inhalt/Akronyme.aux) (./Inhalt/Einleitung.aux) (./Inhalt/Vorgaben.aux)
(./Inhalt/Entwicklung.aux) (./Inhalt/Analyse.aux) (./Inhalt/Umsetzung.aux)
(./Inhalt/Fazit.aux) (./Inhalt/Zusammenfassung.aux)
(./Inhalt/AufzaehlungenTabellen.aux) (./Erklaerung.aux) (./Anhang/mkDoc1.aux)
(./Anhang/mkDoc2.aux) (./Anhang/mkDoc3.aux))

LaTeX Warning: There were multiply-defined labels.

 ) 
Here is how much of TeX's memory you used:
 17465 strings out of 493876
 284481 string characters out of 1150569
 374975 words of memory out of 3000000
 20058 multiletter control sequences out of 10000+50000
 89623 words of font info for 65 fonts, out of 3000000 for 5000
 714 hyphenation exceptions out of 8191
 63i,15n,54p,481b,573s stack positions out of 5000i,500n,10000p,200000b,50000s
{/usr/local/texlive/2008/texmf-dist/fonts/enc/dvips/lm/lm-ec.enc}{/usr/local/
texlive/2008/texmf-dist/fonts/enc/dvips/lm/lm-ts1.enc}</usr/local/texlive/2008/
texmf-dist/fonts/type1/public/lm/lmbx10.pfb></usr/local/texlive/2008/texmf-dist
/fonts/type1/public/lm/lmbx12.pfb></usr/local/texlive/2008/texmf-dist/fonts/typ
e1/public/lm/lmbx8.pfb></usr/local/texlive/2008/texmf-dist/fonts/type1/public/l
m/lmcsc10.pfb></usr/local/texlive/2008/texmf-dist/fonts/type1/public/lm/lmr10.p
fb></usr/local/texlive/2008/texmf-dist/fonts/type1/public/lm/lmr12.pfb></usr/lo
cal/texlive/2008/texmf-dist/fonts/type1/public/lm/lmr6.pfb></usr/local/texlive/
2008/texmf-dist/fonts/type1/public/lm/lmr8.pfb></usr/local/texlive/2008/texmf-d
ist/fonts/type1/public/lm/lmr9.pfb></usr/local/texlive/2008/texmf-dist/fonts/ty
pe1/public/lm/lmri10.pfb></usr/local/texlive/2008/texmf-dist/fonts/type1/public
/lm/lmri12.pfb></usr/local/texlive/2008/texmf-dist/fonts/type1/public/lm/lmssbx
10.pfb></usr/local/texlive/2008/texmf-dist/fonts/type1/public/lm/lmtt10.pfb>
Output written on Diplomarbeit.pdf (28 pages, 442435 bytes).
PDF statistics:
 597 PDF objects out of 1000 (max. 8388607)
 113 named destinations out of 1000 (max. 131072)
 494 words of extra memory for PDF output out of 10000 (max. 10000000)

