\BOOKMARK [0][]{chapter*.2}{Abk\374rzungsverzeichnis}{}
\BOOKMARK [0][]{chapter*.3}{Abbildungsverzeichnis}{}
\BOOKMARK [0][]{chapter*.4}{Tabellenverzeichnis}{}
\BOOKMARK [0][]{chapter.5}{Einleitung}{}
\BOOKMARK [1][]{section.6}{Section 1}{chapter.5}
\BOOKMARK [2][]{subsection.7}{Subcestion 1.1}{section.6}
\BOOKMARK [2][]{subsection.9}{Subcestion 1.2}{section.6}
\BOOKMARK [0][]{chapter.11}{Chapter 2}{}
\BOOKMARK [1][]{section.12}{Section 1}{chapter.11}
\BOOKMARK [2][]{subsection.13}{Subcestion 1.1}{section.12}
\BOOKMARK [2][]{subsection.15}{Subcestion 1.2}{section.12}
\BOOKMARK [1][]{section.17}{Section 2}{chapter.11}
\BOOKMARK [1][]{section.18}{Section 3}{chapter.11}
\BOOKMARK [2][]{subsection.19}{Subcestion 3.1}{section.18}
\BOOKMARK [2][]{subsection.20}{Subcestion 3.2}{section.18}
\BOOKMARK [2][]{subsection.21}{Subcestion 3.3}{section.18}
\BOOKMARK [0][]{chapter.24}{Chapter 3}{}
\BOOKMARK [1][]{section.25}{Section 1}{chapter.24}
\BOOKMARK [2][]{subsection.26}{Subcestion 1.1}{section.25}
\BOOKMARK [2][]{subsection.28}{Subcestion 1.2}{section.25}
\BOOKMARK [1][]{section.30}{Section 2}{chapter.24}
\BOOKMARK [1][]{section.31}{Section 3}{chapter.24}
\BOOKMARK [2][]{subsection.32}{Subcestion 3.1}{section.31}
\BOOKMARK [2][]{subsection.33}{Subcestion 3.2}{section.31}
\BOOKMARK [2][]{subsection.34}{Subcestion 3.3}{section.31}
\BOOKMARK [0][]{chapter.37}{Chapter 4}{}
\BOOKMARK [1][]{section.38}{Section 1}{chapter.37}
\BOOKMARK [2][]{subsection.39}{Subcestion 1.1}{section.38}
\BOOKMARK [2][]{subsection.41}{Subcestion 1.2}{section.38}
\BOOKMARK [1][]{section.43}{Section 2}{chapter.37}
\BOOKMARK [1][]{section.44}{Section 3}{chapter.37}
\BOOKMARK [2][]{subsection.45}{Subcestion 3.1}{section.44}
\BOOKMARK [2][]{subsection.46}{Subcestion 3.2}{section.44}
\BOOKMARK [2][]{subsection.47}{Subcestion 3.3}{section.44}
\BOOKMARK [0][]{chapter.50}{Chapter 5}{}
\BOOKMARK [1][]{section.51}{Section 1}{chapter.50}
\BOOKMARK [2][]{subsection.52}{Subcestion 1.1}{section.51}
\BOOKMARK [2][]{subsection.54}{Subcestion 1.2}{section.51}
\BOOKMARK [1][]{section.56}{Section 2}{chapter.50}
\BOOKMARK [1][]{section.57}{Section 3}{chapter.50}
\BOOKMARK [2][]{subsection.58}{Subcestion 3.1}{section.57}
\BOOKMARK [2][]{subsection.59}{Subcestion 3.2}{section.57}
\BOOKMARK [2][]{subsection.60}{Subcestion 3.3}{section.57}
\BOOKMARK [0][]{chapter.63}{Kritische Bewertung}{}
\BOOKMARK [1][]{section.64}{Section 1}{chapter.63}
\BOOKMARK [2][]{subsection.65}{Subcestion 1.1}{section.64}
\BOOKMARK [2][]{subsection.67}{Subcestion 1.2}{section.64}
\BOOKMARK [0][]{chapter.69}{Zusammenfassung}{}
\BOOKMARK [1][]{section.70}{Section 1}{chapter.69}
\BOOKMARK [2][]{subsection.71}{Subcestion 1.1}{section.70}
\BOOKMARK [2][]{subsection.73}{Subcestion 1.2}{section.70}
\BOOKMARK [0][]{chapter.75}{Vom Autor verwendete Software}{}
\BOOKMARK [0][]{chapter*.76}{Literaturverzeichnis}{}
\BOOKMARK [0][]{chapter*.77}{Eidesstattliche Erkl\344rung}{}
\BOOKMARK [0][]{appendix.78}{Anhang}{}
\BOOKMARK [1][]{section.79}{DVD}{appendix.78}
\BOOKMARK [1][]{section.80}{mkDoc2}{appendix.78}
\BOOKMARK [1][]{section.81}{mkDoc3}{appendix.78}
